<?xml version="1.0" encoding="UTF-8"?>
<testng-results ignored="0" total="0" passed="0" failed="0" skipped="0">
  <reporter-output>
  </reporter-output>
  <suite started-at="2023-08-05T12:15:14 IST" name="Suite" finished-at="2023-08-05T12:15:14 IST" duration-ms="10">
    <groups>
    </groups>
    <test started-at="2023-08-05T12:15:14 IST" name="ExtentReport5 for Cucumber7" finished-at="2023-08-05T12:15:14 IST" duration-ms="10">
    </test> <!-- ExtentReport5 for Cucumber7 -->
  </suite> <!-- Suite -->
</testng-results>
